<?xml version="1.0" encoding="utf-8"?><testsuites><testsuite name="pytest" errors="0" failures="0" skipped="0" tests="3" time="1.155" timestamp="2023-11-17T01:52:53.537733" hostname="DESKTOP-FJFD88B"><testcase classname="tests.test_app_json" name="test_get_data_first" time="0.017" /><testcase classname="tests.test_app_json" name="test_get_data_second" time="0.004" /><testcase classname="tests.test_app_json" name="test_get_data_thrid" time="0.331" /></testsuite></testsuites>